<?xml version="1.0" encoding="UTF-8"?>
<testng-results skipped="0" failed="0" ignored="0" total="2" passed="2">
  <reporter-output>
  </reporter-output>
  <suite name="Default suite" duration-ms="35759" started-at="2018-06-01T11:07:55Z" finished-at="2018-06-01T11:08:31Z">
    <groups>
    </groups>
    <test name="Default test" duration-ms="35759" started-at="2018-06-01T11:07:55Z" finished-at="2018-06-01T11:08:31Z">
      <class name="scripts123.Validloginlogout">
        <test-method status="PASS" signature="openapp()[pri:0, instance:scripts123.Validloginlogout@612fc6eb]" name="openapp" is-config="true" duration-ms="9086" started-at="2018-06-01T11:07:55Z" finished-at="2018-06-01T11:08:04Z">
          <reporter-output>
          </reporter-output>
        </test-method> <!-- openapp -->
        <test-method status="PASS" signature="test1()[pri:0, instance:scripts123.Validloginlogout@612fc6eb]" name="test1" duration-ms="3167" started-at="2018-06-01T11:08:04Z" finished-at="2018-06-01T11:08:08Z">
          <reporter-output>
          </reporter-output>
        </test-method> <!-- test1 -->
        <test-method status="PASS" signature="closeapp()[pri:0, instance:scripts123.Validloginlogout@612fc6eb]" name="closeapp" is-config="true" duration-ms="426" started-at="2018-06-01T11:08:08Z" finished-at="2018-06-01T11:08:08Z">
          <reporter-output>
          </reporter-output>
        </test-method> <!-- closeapp -->
      </class> <!-- scripts123.Validloginlogout -->
      <class name="scripts123.Verfiy">
        <test-method status="PASS" signature="openapp()[pri:0, instance:scripts123.Verfiy@1060b431]" name="openapp" is-config="true" duration-ms="6340" started-at="2018-06-01T11:08:08Z" finished-at="2018-06-01T11:08:14Z">
          <reporter-output>
          </reporter-output>
        </test-method> <!-- openapp -->
        <test-method status="PASS" signature="test3()[pri:0, instance:scripts123.Verfiy@1060b431]" name="test3" duration-ms="16126" started-at="2018-06-01T11:08:14Z" finished-at="2018-06-01T11:08:30Z">
          <reporter-output>
          </reporter-output>
        </test-method> <!-- test3 -->
        <test-method status="PASS" signature="closeapp()[pri:0, instance:scripts123.Verfiy@1060b431]" name="closeapp" is-config="true" duration-ms="563" started-at="2018-06-01T11:08:30Z" finished-at="2018-06-01T11:08:31Z">
          <reporter-output>
          </reporter-output>
        </test-method> <!-- closeapp -->
      </class> <!-- scripts123.Verfiy -->
    </test> <!-- Default test -->
  </suite> <!-- Default suite -->
</testng-results>
